TN:
SF:E:\de\travis\travisci\api/app.js
FN:8,(anonymous_0)
FNF:1
FNH:1
FNDA:1,(anonymous_0)
DA:1,1
DA:2,1
DA:4,1
DA:6,1
DA:8,1
DA:9,1
DA:10,1
DA:11,1
DA:12,1
DA:15,1
DA:17,1
DA:19,1
LF:12
LH:12
BRF:0
BRH:0
end_of_record
TN:
SF:E:\de\travis\travisci\api\config/config.js
FNF:0
FNH:0
DA:1,1
DA:3,1
LF:2
LH:2
BRF:0
BRH:0
end_of_record
TN:
SF:E:\de\travis\travisci\api\controllers/test.js
FN:3,(anonymous_0)
FN:7,(anonymous_1)
FN:12,(anonymous_2)
FNF:3
FNH:2
FNDA:1,(anonymous_0)
FNDA:1,(anonymous_1)
FNDA:0,(anonymous_2)
DA:1,1
DA:2,1
DA:3,1
DA:5,1
DA:6,1
DA:8,1
DA:13,0
DA:14,0
DA:15,0
DA:22,1
LF:10
LH:7
BRF:0
BRH:0
end_of_record
TN:
SF:E:\de\travis\travisci\api\db/index.js
FN:18,(anonymous_0)
FN:25,(anonymous_1)
FN:26,(anonymous_2)
FN:27,(anonymous_3)
FN:34,(anonymous_4)
FN:49,(anonymous_5)
FN:50,(anonymous_6)
FN:51,(anonymous_7)
FN:58,(anonymous_8)
FN:73,(anonymous_9)
FN:74,(anonymous_10)
FN:75,(anonymous_11)
FN:82,(anonymous_12)
FNF:13
FNH:4
FNDA:0,(anonymous_0)
FNDA:9,(anonymous_1)
FNDA:9,(anonymous_2)
FNDA:9,(anonymous_3)
FNDA:9,(anonymous_4)
FNDA:0,(anonymous_5)
FNDA:0,(anonymous_6)
FNDA:0,(anonymous_7)
FNDA:0,(anonymous_8)
FNDA:0,(anonymous_9)
FNDA:0,(anonymous_10)
FNDA:0,(anonymous_11)
FNDA:0,(anonymous_12)
DA:1,1
DA:2,1
DA:4,1
DA:5,1
DA:7,1
DA:9,1
DA:11,1
DA:13,1
DA:18,1
DA:19,0
DA:20,0
DA:23,1
DA:25,1
DA:26,9
DA:27,9
DA:28,9
DA:30,0
DA:34,9
DA:36,9
DA:37,9
DA:39,3
DA:43,9
DA:49,1
DA:50,0
DA:51,0
DA:52,0
DA:54,0
DA:58,0
DA:60,0
DA:61,0
DA:63,0
DA:67,0
DA:73,1
DA:74,0
DA:75,0
DA:76,0
DA:78,0
DA:82,0
DA:83,0
DA:84,0
DA:86,0
DA:90,0
DA:96,1
LF:43
LH:22
BRDA:7,0,0,0
BRDA:7,0,1,1
BRDA:28,1,0,0
BRDA:28,1,1,9
BRDA:37,2,0,3
BRDA:37,2,1,6
BRDA:52,3,0,0
BRDA:52,3,1,0
BRDA:61,4,0,0
BRDA:61,4,1,0
BRDA:76,5,0,0
BRDA:76,5,1,0
BRDA:84,6,0,0
BRDA:84,6,1,0
BRF:14
BRH:4
end_of_record
TN:
SF:E:\de\travis\travisci\api\migrations/index.js
FN:5,(anonymous_0)
FN:6,(anonymous_1)
FN:10,(anonymous_2)
FN:13,(anonymous_3)
FN:48,(anonymous_4)
FN:48,_loop
FN:57,(anonymous_6)
FN:62,(anonymous_7)
FN:65,(anonymous_8)
FN:69,(anonymous_9)
FN:99,(anonymous_10)
FN:105,(anonymous_11)
FN:108,(anonymous_12)
FNF:13
FNH:8
FNDA:5,(anonymous_0)
FNDA:5,(anonymous_1)
FNDA:5,(anonymous_2)
FNDA:0,(anonymous_3)
FNDA:1,(anonymous_4)
FNDA:5,_loop
FNDA:5,(anonymous_6)
FNDA:0,(anonymous_7)
FNDA:0,(anonymous_8)
FNDA:0,(anonymous_9)
FNDA:1,(anonymous_10)
FNDA:0,(anonymous_11)
FNDA:3,(anonymous_12)
DA:1,1
DA:3,1
DA:5,1
DA:6,5
DA:7,5
DA:8,5
DA:9,5
DA:11,5
DA:14,0
DA:19,1
DA:46,1
DA:48,1
DA:49,1
DA:50,1
DA:51,5
DA:52,5
DA:53,5
DA:54,5
DA:56,5
DA:58,5
DA:59,5
DA:60,5
DA:63,0
DA:64,0
DA:66,0
DA:67,0
DA:70,0
DA:71,0
DA:74,5
DA:75,5
DA:77,1
DA:80,1
DA:97,1
DA:99,1
DA:100,1
DA:101,1
DA:102,1
DA:103,3
DA:104,3
DA:106,0
DA:109,3
DA:112,1
DA:115,1
LF:43
LH:35
BRDA:52,0,0,1
BRDA:52,0,1,4
BRDA:58,1,0,5
BRDA:58,1,1,5
BRDA:67,2,0,0
BRDA:67,2,1,0
BRDA:71,3,0,0
BRDA:71,3,1,0
BRDA:103,4,0,1
BRDA:103,4,1,2
BRDA:106,5,0,0
BRDA:106,5,1,0
BRDA:109,6,0,3
BRDA:109,6,1,1
BRF:14
BRH:8
end_of_record
TN:
SF:E:\de\travis\travisci\api\routes/testhttp.js
FNF:0
FNH:0
DA:1,1
DA:2,1
DA:3,1
DA:5,1
DA:7,1
LF:5
LH:5
BRF:0
BRH:0
end_of_record
TN:
SF:E:\de\travis\travisci\api\test/index.js
FN:7,(anonymous_0)
FN:8,(anonymous_1)
FN:10,(anonymous_2)
FN:15,(anonymous_3)
FN:20,(anonymous_4)
FN:22,(anonymous_5)
FN:26,(anonymous_6)
FNF:7
FNH:7
FNDA:1,(anonymous_0)
FNDA:1,(anonymous_1)
FNDA:1,(anonymous_2)
FNDA:1,(anonymous_3)
FNDA:1,(anonymous_4)
FNDA:1,(anonymous_5)
FNDA:1,(anonymous_6)
DA:1,1
DA:2,1
DA:3,1
DA:5,1
DA:7,1
DA:8,1
DA:9,1
DA:10,1
DA:11,1
DA:12,1
DA:15,1
DA:16,1
DA:17,1
DA:20,1
DA:21,1
DA:22,1
DA:23,1
DA:24,1
DA:26,1
DA:27,1
DA:28,1
LF:21
LH:21
BRF:0
BRH:0
end_of_record
TN:
SF:E:\de\travis\travisci\api\test/test.js
FN:9,(anonymous_0)
FN:11,(anonymous_1)
FN:16,(anonymous_2)
FN:23,(anonymous_3)
FNF:4
FNH:4
FNDA:1,(anonymous_0)
FNDA:1,(anonymous_1)
FNDA:1,(anonymous_2)
FNDA:1,(anonymous_3)
DA:1,1
DA:2,1
DA:3,1
DA:4,1
DA:6,1
DA:7,1
DA:9,1
DA:10,1
DA:11,1
DA:12,1
DA:17,1
DA:18,1
DA:19,1
DA:23,1
DA:24,1
DA:25,1
DA:27,1
LF:17
LH:17
BRF:0
BRH:0
end_of_record
